2025-12-08 10:57:07 debug: Starting SSO login with code
2025-12-08 10:57:07 debug: {"data":{"user":{"id":"27cf67e5-6b9b-47f6-8dc9-6cdd30328f89","email":"admin@example.com","name":"Administrator","role":"Admin","unit_code":"HO","division_name":"IT Support"},"portal_refresh_expires_ts":"2026-01-07T03:48:40.442Z"}}
2025-12-08 10:58:08 debug: Starting SSO login with code
2025-12-08 10:58:08 debug: {"data":{"user":{"id":"27cf67e5-6b9b-47f6-8dc9-6cdd30328f89","email":"admin@example.com","name":"Administrator","role":"Admin","unit_code":"HO","division_name":"IT Support"},"portal_refresh_expires_ts":"2026-01-07T03:48:40.442Z"}}
2025-12-08 11:04:01 debug: {"code":"8c1c38e8ab192c0a9940ce4de34ccf12a645d385acd89034f151cb8dd4730d6f9b20ff8632f5a706c84ddc553ddde08ba4b72ceaddf29b8f171737aa2e8b1b77"}
2025-12-08 11:04:01 debug: SSO token response received
2025-12-08 11:04:01 debug: {"data":{"user":{"id":"27cf67e5-6b9b-47f6-8dc9-6cdd30328f89","email":"admin@example.com","name":"Administrator","role":"Admin","unit_code":"HO","division_name":"IT Support"},"portal_refresh_expires_ts":"2026-01-07T03:48:40.442Z"}}
2025-12-08 11:04:01 error: Portal user missing in token response
2025-12-08 11:09:57 debug: {"code":"6738259b2809b661c8ad4a4743adf14d26ad8905e086e95acc0fe05fdb7782ad99cfeb07fe437d13954d3507fb19083864f153c217ccdc8372e04cef0a4ab2aa"}
2025-12-08 11:09:58 debug: SSO token response received
2025-12-08 11:09:58 debug: {"data":{"user":{"id":"27cf67e5-6b9b-47f6-8dc9-6cdd30328f89","email":"admin@example.com","name":"Administrator","role":"Admin","unit_code":"HO","division_name":"IT Support"},"portal_refresh_expires_ts":"2026-01-07T04:09:56.294Z"}}
2025-12-08 11:09:58 error: SSO login failed (unknown)
2025-12-08 11:26:00 debug: {"code":"329c3dfda58e576173fbaeb161aff066aa443f683c1153d8b9e9a56e5dc61af7c11ce17f2553db64f5b58cbf8d7bf1336861ea2f06c3882098f529b04849d9f0"}
2025-12-08 11:26:00 debug: SSO token response received
2025-12-08 11:26:00 debug: {"data":{"user":{"id":"27cf67e5-6b9b-47f6-8dc9-6cdd30328f89","email":"admin@example.com","name":"Administrator","role":"Admin","unit_code":"HO","division_name":"IT Support"},"portal_refresh_expires_ts":"2026-01-07T04:25:58.367Z"}}
2025-12-08 11:26:00 error: SSO login failed (unknown)
2025-12-08 11:30:58 debug: {"code":"c28451bf3cab8945d7b89e928989eb9d5d1b1071327d91e613f1999e23491c75fe5555009f3fd7a2aa6029a62479fee2528bbcfaafee4e560312b10101c2e787"}
2025-12-08 11:30:58 debug: SSO token response received
2025-12-08 11:30:58 debug: {"data":{"user":{"id":"27cf67e5-6b9b-47f6-8dc9-6cdd30328f89","email":"admin@example.com","name":"Administrator","role":"Admin","unit_code":"HO","division_name":"IT Support"},"portal_refresh_expires_ts":"2026-01-07T04:30:56.383Z"}}
2025-12-08 11:30:58 error: SSO login failed (unknown)
2025-12-08 11:31:41 debug: {"code":"f6d2c6f5bd050867ae59582df19f076d971466e59673bb96201bbbc83a18ad8fba89ed7c046fe5b7a6dc0fb7a84e747fb538cac03299508deb04ac4901473888"}
2025-12-08 11:31:41 debug: SSO token response received
2025-12-08 11:31:41 debug: {"data":{"user":{"id":"27cf67e5-6b9b-47f6-8dc9-6cdd30328f89","email":"admin@example.com","name":"Administrator","role":"Admin","unit_code":"HO","division_name":"IT Support"},"portal_refresh_expires_ts":"2026-01-07T04:31:40.653Z"}}
2025-12-08 11:31:41 error: SSO login failed (unknown)
2025-12-08 11:34:59 debug: {"code":"3f34203d283f4ae13d469521b057a6f5ff63b107aa72c31ef117f6a05a575b5b3089f997336c3298697ec413871f63dc9a5b8071802cf2946170ce07d66ea4b8"}
2025-12-08 11:34:59 debug: SSO token response received
2025-12-08 11:34:59 debug: {"data":{"user":{"id":"27cf67e5-6b9b-47f6-8dc9-6cdd30328f89","email":"admin@example.com","name":"Administrator","role":"Admin","unit_code":"HO","division_name":"IT Support"},"portal_refresh_expires_ts":"2026-01-07T04:34:56.664Z"}}
2025-12-08 11:34:59 error: SSO login failed (unknown)
2025-12-08 11:35:21 debug: {"code":"2211933cb025d48110b94e1afede90228ec7aeb0d92c6ba8062befb8cfd140be110f6ddb38b00ff6d1133a7e40cf591dac24e51f4d2b774fbbbd2ce606dd18a7"}
2025-12-08 11:35:21 debug: SSO token response received
2025-12-08 11:35:21 debug: {"data":{"user":{"id":"27cf67e5-6b9b-47f6-8dc9-6cdd30328f89","email":"admin@example.com","name":"Administrator","role":"Admin","unit_code":"HO","division_name":"IT Support"},"portal_refresh_expires_ts":"2026-01-07T04:34:56.664Z"}}
2025-12-08 11:35:21 error: SSO login failed (unknown)
2025-12-08 11:35:54 debug: {"code":"58c2adf6ba3ea0a3b9d09d372b7363ec06904c43b2078020ade8b73906dfc478a8f9bdc21a64455a1ba674c6a6d55bcd90c78574e981c6c51b00e4259b5eabe5"}
2025-12-08 11:35:54 debug: SSO token response received
2025-12-08 11:35:54 debug: {"data":{"user":{"id":"27cf67e5-6b9b-47f6-8dc9-6cdd30328f89","email":"admin@example.com","name":"Administrator","role":"Admin","unit_code":"HO","division_name":"IT Support"},"portal_refresh_expires_ts":"2026-01-07T04:34:56.664Z"}}
2025-12-08 11:35:54 error: SSO login failed (unknown)
2025-12-08 11:47:10 debug: {"code":"2dcfae3855a32a18e3c1ab58261514a0dffd6637dab0a0a997acd434ce02f2f9de9cab73ba2df393cd1fb2386d729199f5b08387b64a74d737628371e6a18a74"}
2025-12-08 11:47:10 debug: SSO token response received
2025-12-08 11:47:10 debug: {"data":{"user":{"id":"27cf67e5-6b9b-47f6-8dc9-6cdd30328f89","email":"admin@example.com","name":"Administrator","role":"Admin","unit_code":"HO","division_name":"IT Support"},"portal_refresh_expires_ts":"2026-01-07T04:47:07.688Z"}}
2025-12-08 11:47:10 error: SSO login failed (unknown)
2025-12-08 11:56:52 debug: {"code":"864f008d6fc2dbc5de6be57f2b76f4ce8e19408d852d16f89a947e8464a2ba18b4036a88acc85cddcdec02da34a60298e93ba7e69e8fdd9f7ca44c2fdcd4dfd6"}
2025-12-08 11:56:52 debug: SSO token response received
2025-12-08 11:56:52 debug: {"data":{"user":{"id":"27cf67e5-6b9b-47f6-8dc9-6cdd30328f89","email":"admin@example.com","name":"Administrator","role":"Admin","unit_code":"HO","division_name":"IT Support"},"portal_refresh_expires_ts":"2026-01-07T04:56:50.510Z"}}
2025-12-08 11:56:53 error: SSO login failed (unknown)
2025-12-08 11:57:41 debug: {"code":"0f9b56cad1845dcd7b955b5dd0b2eebb1f95dcb13d0537e99a2d6b8068469996c4ebdb4c1c8e0d1d2ab05f1d63bb1f68ec98e19e8cae1390c8756e408a2edb34"}
2025-12-08 11:57:41 debug: SSO token response received
2025-12-08 11:57:41 debug: {"data":{"user":{"id":"27cf67e5-6b9b-47f6-8dc9-6cdd30328f89","email":"admin@example.com","name":"Administrator","role":"Admin","unit_code":"HO","division_name":"IT Support"},"portal_refresh_expires_ts":"2026-01-07T04:57:39.167Z"}}
2025-12-08 11:57:41 error: SSO login failed (unknown)
2025-12-08 11:59:54 debug: {"code":"1c91eec1903d1686376cfa9fd02b44f5a237016d47f7bf454bcc353c195158f4ce865bcd84164acdae108c649b07f40a237262d163a11aec0fffdd5368fb7de2"}
2025-12-08 11:59:54 debug: SSO token response received
2025-12-08 11:59:54 debug: {"data":{"user":{"id":"27cf67e5-6b9b-47f6-8dc9-6cdd30328f89","email":"admin@example.com","name":"Administrator","role":"Admin","unit_code":"HO","division_name":"IT Support"},"portal_refresh_expires_ts":"2026-01-07T04:57:39.167Z"}}
2025-12-08 11:59:54 error: SSO login failed (unknown)
2025-12-08 11:59:58 debug: {"code":"77b1549f63e13fe34f66c1b9c02be02ba52cad2fb44c5966b6e05059c2720d6a555a8d6ab9547bd2969aad9674fc5c9693fc99e6ac3f92e9c9903cdd70a75daa"}
2025-12-08 11:59:58 debug: SSO token response received
2025-12-08 11:59:58 debug: {"data":{"user":{"id":"27cf67e5-6b9b-47f6-8dc9-6cdd30328f89","email":"admin@example.com","name":"Administrator","role":"Admin","unit_code":"HO","division_name":"IT Support"},"portal_refresh_expires_ts":"2026-01-07T04:57:39.167Z"}}
2025-12-08 11:59:58 error: SSO login failed (unknown)
2025-12-08 12:02:17 debug: {"code":"77b1549f63e13fe34f66c1b9c02be02ba52cad2fb44c5966b6e05059c2720d6a555a8d6ab9547bd2969aad9674fc5c9693fc99e6ac3f92e9c9903cdd70a75daa"}
2025-12-08 12:02:17 debug: SSO token response received
2025-12-08 12:02:17 debug: {"data":{"status":400}}
2025-12-08 12:02:17 error: Portal user missing in token response
2025-12-08 12:02:27 debug: {"code":"77b1549f63e13fe34f66c1b9c02be02ba52cad2fb44c5966b6e05059c2720d6a555a8d6ab9547bd2969aad9674fc5c9693fc99e6ac3f92e9c9903cdd70a75daa"}
2025-12-08 12:02:27 debug: SSO token response received
2025-12-08 12:02:27 debug: {"data":{"status":400}}
2025-12-08 12:02:27 error: Portal user missing in token response
2025-12-08 12:02:40 debug: {"code":"77b1549f63e13fe34f66c1b9c02be02ba52cad2fb44c5966b6e05059c2720d6a555a8d6ab9547bd2969aad9674fc5c9693fc99e6ac3f92e9c9903cdd70a75daa"}
2025-12-08 12:02:40 debug: SSO token response received
2025-12-08 12:02:40 debug: {"data":{"status":400}}
2025-12-08 12:02:40 error: Portal user missing in token response
2025-12-08 12:03:35 debug: {"code":"43fc54d838cea48eec782c4f375eea45cf9b9d9085fea87a54a9aa1b8b165fb20b5d57ea1a7add10f6697fe06574280e7f7805972165029ea7a0906df30651e7"}
2025-12-08 12:03:35 debug: SSO token response received
2025-12-08 12:03:35 debug: {"data":{"user":{"id":"27cf67e5-6b9b-47f6-8dc9-6cdd30328f89","email":"admin@example.com","name":"Administrator","role":"Admin","unit_code":"HO","division_name":"IT Support"},"portal_refresh_expires_ts":"2026-01-07T05:03:33.280Z"}}
2025-12-08 12:03:35 error: SSO login failed (unknown)
